This is pdfTeX, Version 3.14159265-2.6-1.40.17 (MiKTeX 2.9.6100 64-bit) (preloaded format=latex 2016.11.24)  2 JAN 2017 10:14
entering extended mode
**./dmzadaca2.txt
(dmzadaca2.txt
LaTeX2e <2016/03/31> patch level 3
Babel <3.9r> and hyphenation patterns for 75 language(s) loaded.
)
*dmzadaca2.txt

! LaTeX Error: Missing \begin{document}.

See the LaTeX manual or LaTeX Companion for explanation.
Type  H <return>  for immediate help.
 ...                                              
                                                  
<*> d
     mzadaca2.txt
? 
! Emergency stop.
 ...                                              
                                                  
<*> d
     mzadaca2.txt
You're in trouble here.  Try typing  <return>  to proceed.
If that doesn't work, type  X <return>  to quit.

 
Here is how much of TeX's memory you used:
 8 strings out of 493334
 234 string characters out of 3139210
 53239 words of memory out of 3000000
 3636 multiletter control sequences out of 15000+200000
 3640 words of font info for 14 fonts, out of 3000000 for 9000
 1141 hyphenation exceptions out of 8191
 5i,0n,4p,16b,14s stack positions out of 5000i,500n,10000p,200000b,50000s
No pages of output.
